<?xml version="1.0" encoding="UTF-8"?>
<TestRun id="9e4512f9-23ce-4e7f-bc05-e500570bac9d" name="kabaros@KABAROS-DELL 2011-10-22 11:39:27" runUser="kabaros-Dell\kabaros" xmlns="http://microsoft.com/schemas/VisualStudio/TeamTest/2010">
  <TestSettings name="Local" id="d6f95e15-0651-4403-91b8-21b86f983d5c">
    <Description>These are default test settings for a local test run.</Description>
    <Deployment enabled="false" runDeploymentRoot="kabaros_KABAROS-DELL 2011-10-22 11_39_27">
      <DeploymentItem filename="c:\users\kabaros\documents\visual studio 2010\Projects\MenFromMars\Robot\bin\Debug\Robots.dll" />
    </Deployment>
    <Execution>
      <TestTypeSpecific />
      <AgentRule name="Execution Agents">
      </AgentRule>
    </Execution>
  </TestSettings>
  <Times creation="2011-10-22T11:39:27.2425987+01:00" queuing="2011-10-22T11:39:27.2625998+01:00" start="2011-10-22T11:39:27.2756006+01:00" finish="2011-10-22T11:39:27.5526164+01:00" />
  <ResultSummary outcome="Failed">
    <Counters total="1" executed="1" error="0" failed="1" timeout="0" aborted="0" inconclusive="0" passedButRunAborted="0" notRunnable="0" notExecuted="0" disconnected="0" warning="0" passed="0" completed="0" inProgress="0" pending="0" />
  </ResultSummary>
  <TestDefinitions>
    <UnitTest name="TestMovingLeftAndRight" storage="c:\users\kabaros\documents\visual studio 2010\projects\menfrommars\marstest\bin\debug\marstest.dll" id="fcb59a97-6b5c-6347-0cbf-9764a1e243aa">
      <Execution id="a44a9c78-2aca-4e25-b4a9-8b7d42b109dd" />
      <TestMethod codeBase="c:/users/kabaros/documents/visual studio 2010/Projects/MenFromMars/MarsTest/bin/Debug/MarsTest.DLL" adapterTypeName="Microsoft.VisualStudio.TestTools.TestTypes.Unit.UnitTestAdapter, Microsoft.VisualStudio.QualityTools.Tips.UnitTest.Adapter, Version=10.0.0.0, Culture=neutral, PublicKeyToken=b03f5f7f11d50a3a" className="MarsTest.OrientationsTest, MarsTest, Version=1.0.0.0, Culture=neutral, PublicKeyToken=null" name="TestMovingLeftAndRight" />
    </UnitTest>
  </TestDefinitions>
  <TestLists>
    <TestList name="Results Not in a List" id="8c84fa94-04c1-424b-9868-57a2d4851a1d" />
    <TestList name="All Loaded Results" id="19431567-8539-422a-85d7-44ee4e166bda" />
  </TestLists>
  <TestEntries>
    <TestEntry testId="fcb59a97-6b5c-6347-0cbf-9764a1e243aa" executionId="a44a9c78-2aca-4e25-b4a9-8b7d42b109dd" testListId="8c84fa94-04c1-424b-9868-57a2d4851a1d" />
  </TestEntries>
  <Results>
    <UnitTestResult executionId="a44a9c78-2aca-4e25-b4a9-8b7d42b109dd" testId="fcb59a97-6b5c-6347-0cbf-9764a1e243aa" testName="TestMovingLeftAndRight" computerName="KABAROS-DELL" duration="00:00:00.0442727" startTime="2011-10-22T11:39:27.2936016+01:00" endTime="2011-10-22T11:39:27.5366155+01:00" testType="13cdc9d9-ddb5-4fa4-a97d-d965ccfc6d4b" outcome="Failed" testListId="8c84fa94-04c1-424b-9868-57a2d4851a1d" relativeResultsDirectory="a44a9c78-2aca-4e25-b4a9-8b7d42b109dd">
      <Output>
        <ErrorInfo>
          <Message>Assert.AreEqual failed. Expected:&lt;East&gt;. Actual:&lt;South&gt;. </Message>
          <StackTrace>   at MarsTest.OrientationsTest.TestMovingLeftAndRight() in c:\users\kabaros\documents\visual studio 2010\Projects\MenFromMars\MarsTest\OrientationsTest.cs:line 28
</StackTrace>
        </ErrorInfo>
      </Output>
    </UnitTestResult>
  </Results>
</TestRun>