<?xml version="1.0" encoding="UTF-8"?>
<TestRun id="cefab96c-1eb1-4981-8438-d871df9db1e7" name="kabaros@KABAROS-DELL 2011-10-22 16:46:51" runUser="kabaros-Dell\kabaros" xmlns="http://microsoft.com/schemas/VisualStudio/TeamTest/2010">
  <TestSettings name="Local" id="d6f95e15-0651-4403-91b8-21b86f983d5c">
    <Description>These are default test settings for a local test run.</Description>
    <Deployment enabled="false" runDeploymentRoot="kabaros_KABAROS-DELL 2011-10-22 16_46_51">
      <DeploymentItem filename="c:\users\kabaros\documents\visual studio 2010\Projects\MenFromMars\Robot\bin\Debug\Robots.dll" />
    </Deployment>
    <Execution>
      <TestTypeSpecific />
      <AgentRule name="Execution Agents">
      </AgentRule>
    </Execution>
  </TestSettings>
  <Times creation="2011-10-22T16:46:51.0645249+01:00" queuing="2011-10-22T16:46:53.1856463+01:00" start="2011-10-22T16:46:53.3516558+01:00" finish="2011-10-22T16:47:18.7141064+01:00" />
  <ResultSummary outcome="Failed">
    <Counters total="1" executed="1" error="0" failed="1" timeout="0" aborted="0" inconclusive="0" passedButRunAborted="0" notRunnable="0" notExecuted="0" disconnected="0" warning="0" passed="0" completed="0" inProgress="0" pending="0" />
  </ResultSummary>
  <TestDefinitions>
    <UnitTest name="TestRobots" storage="c:\users\kabaros\documents\visual studio 2010\projects\menfrommars\marstest\bin\debug\marstest.dll" id="6a4367a7-6666-d26f-0895-0bbd5298bbe0">
      <Execution id="d23aede1-95ce-4241-8824-34c1620397c9" />
      <TestMethod codeBase="c:/users/kabaros/documents/visual studio 2010/Projects/MenFromMars/MarsTest/bin/Debug/MarsTest.DLL" adapterTypeName="Microsoft.VisualStudio.TestTools.TestTypes.Unit.UnitTestAdapter, Microsoft.VisualStudio.QualityTools.Tips.UnitTest.Adapter, Version=10.0.0.0, Culture=neutral, PublicKeyToken=b03f5f7f11d50a3a" className="MarsTest.Robot, MarsTest, Version=1.0.0.0, Culture=neutral, PublicKeyToken=null" name="TestRobots" />
    </UnitTest>
  </TestDefinitions>
  <TestLists>
    <TestList name="Results Not in a List" id="8c84fa94-04c1-424b-9868-57a2d4851a1d" />
    <TestList name="All Loaded Results" id="19431567-8539-422a-85d7-44ee4e166bda" />
  </TestLists>
  <TestEntries>
    <TestEntry testId="6a4367a7-6666-d26f-0895-0bbd5298bbe0" executionId="d23aede1-95ce-4241-8824-34c1620397c9" testListId="8c84fa94-04c1-424b-9868-57a2d4851a1d" />
  </TestEntries>
  <Results>
    <UnitTestResult executionId="d23aede1-95ce-4241-8824-34c1620397c9" testId="6a4367a7-6666-d26f-0895-0bbd5298bbe0" testName="TestRobots" computerName="KABAROS-DELL" duration="00:00:22.8416310" startTime="2011-10-22T16:46:53.4736627+01:00" endTime="2011-10-22T16:47:18.3300844+01:00" testType="13cdc9d9-ddb5-4fa4-a97d-d965ccfc6d4b" outcome="Failed" testListId="8c84fa94-04c1-424b-9868-57a2d4851a1d" relativeResultsDirectory="d23aede1-95ce-4241-8824-34c1620397c9">
      <Output>
        <ErrorInfo>
          <Message>Test method MarsTest.Robot.TestRobots threw exception: 
System.ArgumentException: URI formats are not supported.</Message>
          <StackTrace>    at System.IO.Path.NormalizePath(String path, Boolean fullCheck, Int32 maxPathLength)
   at System.IO.Path.GetFullPathInternal(String path)
   at System.IO.FileSystemEnumerableIterator`1..ctor(String path, String originalUserPath, String searchPattern, SearchOption searchOption, SearchResultHandler`1 resultHandler)
   at System.IO.Directory.InternalGetFileDirectoryNames(String path, String userPathOriginal, String searchPattern, Boolean includeFiles, Boolean includeDirs, SearchOption searchOption)
   at System.IO.Directory.GetFiles(String path)
   at MarsTest.Robot.TestRobots()
</StackTrace>
        </ErrorInfo>
      </Output>
    </UnitTestResult>
  </Results>
</TestRun>