<?xml version="1.0" encoding="UTF-8"?>
<TestRun id="d773f7e7-b8f7-46b1-82fb-460d57f5d3e7" name="kabaros@KABAROS-DELL 2011-10-22 17:56:39" runUser="kabaros-Dell\kabaros" xmlns="http://microsoft.com/schemas/VisualStudio/TeamTest/2010">
  <TestSettings name="Local" id="d6f95e15-0651-4403-91b8-21b86f983d5c">
    <Description>These are default test settings for a local test run.</Description>
    <Deployment enabled="false" runDeploymentRoot="kabaros_KABAROS-DELL 2011-10-22 17_56_39">
      <DeploymentItem filename="c:\users\kabaros\documents\visual studio 2010\Projects\MenFromMars\Robot\bin\Debug\Robots.dll" />
    </Deployment>
    <Execution>
      <TestTypeSpecific />
      <AgentRule name="Execution Agents">
      </AgentRule>
    </Execution>
  </TestSettings>
  <Times creation="2011-10-22T17:56:39.3890834+01:00" queuing="2011-10-22T17:56:39.6070959+01:00" start="2011-10-22T17:56:39.6520984+01:00" finish="2011-10-22T17:56:40.0491212+01:00" />
  <ResultSummary outcome="Failed">
    <Counters total="3" executed="3" passed="2" error="0" failed="1" timeout="0" aborted="0" inconclusive="0" passedButRunAborted="0" notRunnable="0" notExecuted="0" disconnected="0" warning="0" completed="0" inProgress="0" pending="0" />
  </ResultSummary>
  <TestDefinitions>
    <UnitTest name="TestMethod1" storage="c:\users\kabaros\documents\visual studio 2010\projects\menfrommars\marstest\bin\debug\marstest.dll" id="41fbd274-9f77-d36b-abfe-bf96156699b5">
      <Execution id="017e6d77-5f9e-45a5-b9de-628b693cfefe" />
      <TestMethod codeBase="c:/users/kabaros/documents/visual studio 2010/Projects/MenFromMars/MarsTest/bin/Debug/MarsTest.DLL" adapterTypeName="Microsoft.VisualStudio.TestTools.TestTypes.Unit.UnitTestAdapter, Microsoft.VisualStudio.QualityTools.Tips.UnitTest.Adapter, Version=10.0.0.0, Culture=neutral, PublicKeyToken=b03f5f7f11d50a3a" className="MarsTest.UnitTest1, MarsTest, Version=1.0.0.0, Culture=neutral, PublicKeyToken=null" name="TestMethod1" />
    </UnitTest>
    <UnitTest name="TestRobots" storage="c:\users\kabaros\documents\visual studio 2010\projects\menfrommars\marstest\bin\debug\marstest.dll" id="5c088620-63e7-0bf0-4a8c-2b4ad903de5b">
      <Execution id="11257c7c-450f-4a34-827f-84ae041c4606" />
      <TestMethod codeBase="c:/users/kabaros/documents/visual studio 2010/Projects/MenFromMars/MarsTest/bin/Debug/MarsTest.DLL" adapterTypeName="Microsoft.VisualStudio.TestTools.TestTypes.Unit.UnitTestAdapter, Microsoft.VisualStudio.QualityTools.Tips.UnitTest.Adapter, Version=10.0.0.0, Culture=neutral, PublicKeyToken=b03f5f7f11d50a3a" className="MarsTest.RobotTests, MarsTest, Version=1.0.0.0, Culture=neutral, PublicKeyToken=null" name="TestRobots" />
    </UnitTest>
    <UnitTest name="TestMovingLeftAndRight" storage="c:\users\kabaros\documents\visual studio 2010\projects\menfrommars\marstest\bin\debug\marstest.dll" id="fcb59a97-6b5c-6347-0cbf-9764a1e243aa">
      <Execution id="71d3fbf4-2eef-49f0-8f3f-86008b155f29" />
      <TestMethod codeBase="c:/users/kabaros/documents/visual studio 2010/Projects/MenFromMars/MarsTest/bin/Debug/MarsTest.DLL" adapterTypeName="Microsoft.VisualStudio.TestTools.TestTypes.Unit.UnitTestAdapter, Microsoft.VisualStudio.QualityTools.Tips.UnitTest.Adapter, Version=10.0.0.0, Culture=neutral, PublicKeyToken=b03f5f7f11d50a3a" className="MarsTest.OrientationsTest, MarsTest, Version=1.0.0.0, Culture=neutral, PublicKeyToken=null" name="TestMovingLeftAndRight" />
    </UnitTest>
  </TestDefinitions>
  <TestLists>
    <TestList name="Results Not in a List" id="8c84fa94-04c1-424b-9868-57a2d4851a1d" />
    <TestList name="All Loaded Results" id="19431567-8539-422a-85d7-44ee4e166bda" />
  </TestLists>
  <TestEntries>
    <TestEntry testId="41fbd274-9f77-d36b-abfe-bf96156699b5" executionId="017e6d77-5f9e-45a5-b9de-628b693cfefe" testListId="8c84fa94-04c1-424b-9868-57a2d4851a1d" />
    <TestEntry testId="5c088620-63e7-0bf0-4a8c-2b4ad903de5b" executionId="11257c7c-450f-4a34-827f-84ae041c4606" testListId="8c84fa94-04c1-424b-9868-57a2d4851a1d" />
    <TestEntry testId="fcb59a97-6b5c-6347-0cbf-9764a1e243aa" executionId="71d3fbf4-2eef-49f0-8f3f-86008b155f29" testListId="8c84fa94-04c1-424b-9868-57a2d4851a1d" />
  </TestEntries>
  <Results>
    <UnitTestResult executionId="017e6d77-5f9e-45a5-b9de-628b693cfefe" testId="41fbd274-9f77-d36b-abfe-bf96156699b5" testName="TestMethod1" computerName="KABAROS-DELL" duration="00:00:00.0104061" startTime="2011-10-22T17:56:39.6821002+01:00" endTime="2011-10-22T17:56:39.9441152+01:00" testType="13cdc9d9-ddb5-4fa4-a97d-d965ccfc6d4b" outcome="Passed" testListId="8c84fa94-04c1-424b-9868-57a2d4851a1d" relativeResultsDirectory="017e6d77-5f9e-45a5-b9de-628b693cfefe">
    </UnitTestResult>
    <UnitTestResult executionId="11257c7c-450f-4a34-827f-84ae041c4606" testId="5c088620-63e7-0bf0-4a8c-2b4ad903de5b" testName="TestRobots" computerName="KABAROS-DELL" duration="00:00:00.0254778" startTime="2011-10-22T17:56:39.9481154+01:00" endTime="2011-10-22T17:56:39.9821173+01:00" testType="13cdc9d9-ddb5-4fa4-a97d-d965ccfc6d4b" outcome="Failed" testListId="8c84fa94-04c1-424b-9868-57a2d4851a1d" relativeResultsDirectory="11257c7c-450f-4a34-827f-84ae041c4606">
      <Output>
        <ErrorInfo>
          <Message>Assert.AreEqual failed. Expected:&lt;1 1 E3 3 N LOST2 3 S&gt;. Actual:&lt;1 1 E
3 3 N LOST
2 3 S&gt;. </Message>
          <StackTrace>   at MarsTest.RobotTests.TestRobots() in c:\users\kabaros\documents\visual studio 2010\Projects\MenFromMars\MarsTest\RobotTest.cs:line 73
</StackTrace>
        </ErrorInfo>
      </Output>
    </UnitTestResult>
    <UnitTestResult executionId="71d3fbf4-2eef-49f0-8f3f-86008b155f29" testId="fcb59a97-6b5c-6347-0cbf-9764a1e243aa" testName="TestMovingLeftAndRight" computerName="KABAROS-DELL" duration="00:00:00.0007960" startTime="2011-10-22T17:56:39.9861176+01:00" endTime="2011-10-22T17:56:39.9921179+01:00" testType="13cdc9d9-ddb5-4fa4-a97d-d965ccfc6d4b" outcome="Passed" testListId="8c84fa94-04c1-424b-9868-57a2d4851a1d" relativeResultsDirectory="71d3fbf4-2eef-49f0-8f3f-86008b155f29">
    </UnitTestResult>
  </Results>
</TestRun>