<?xml version="1.0" encoding="UTF-8"?>
<TestRun id="2699170f-2c9b-4d28-93a4-ba0e5b6251f2" name="kabaros@KABAROS-DELL 2011-10-22 17:32:40" runUser="kabaros-Dell\kabaros" xmlns="http://microsoft.com/schemas/VisualStudio/TeamTest/2010">
  <TestSettings name="Local" id="d6f95e15-0651-4403-91b8-21b86f983d5c">
    <Description>These are default test settings for a local test run.</Description>
    <Deployment enabled="false" runDeploymentRoot="kabaros_KABAROS-DELL 2011-10-22 17_32_40">
      <DeploymentItem filename="c:\users\kabaros\documents\visual studio 2010\Projects\MenFromMars\Robot\bin\Debug\Robots.dll" />
    </Deployment>
    <Execution>
      <TestTypeSpecific />
      <AgentRule name="Execution Agents">
      </AgentRule>
    </Execution>
  </TestSettings>
  <Times creation="2011-10-22T17:32:40.8628044+01:00" queuing="2011-10-22T17:32:42.0648732+01:00" start="2011-10-22T17:32:42.1928805+01:00" finish="2011-10-22T17:32:52.0024416+01:00" />
  <ResultSummary outcome="Error">
    <Counters total="1" executed="1" error="0" failed="0" timeout="0" aborted="1" inconclusive="0" passedButRunAborted="0" notRunnable="0" notExecuted="0" disconnected="0" warning="0" passed="0" completed="0" inProgress="0" pending="0" />
    <RunInfos>
      <RunInfo computerName="KABAROS-DELL" outcome="Error" timestamp="2011-10-22T17:32:52.0004414+01:00">
        <Text>Test host process exited unexpectedly.</Text>
      </RunInfo>
    </RunInfos>
  </ResultSummary>
  <TestDefinitions>
    <UnitTest name="TestRobots" storage="c:\users\kabaros\documents\visual studio 2010\projects\menfrommars\marstest\bin\debug\marstest.dll" id="6a4367a7-6666-d26f-0895-0bbd5298bbe0">
      <Execution id="924b4b3c-4db8-45b3-98d1-464aa126e9a0" />
      <TestMethod codeBase="c:/users/kabaros/documents/visual studio 2010/Projects/MenFromMars/MarsTest/bin/Debug/MarsTest.DLL" adapterTypeName="Microsoft.VisualStudio.TestTools.TestTypes.Unit.UnitTestAdapter, Microsoft.VisualStudio.QualityTools.Tips.UnitTest.Adapter, Version=10.0.0.0, Culture=neutral, PublicKeyToken=b03f5f7f11d50a3a" className="MarsTest.Robot, MarsTest, Version=1.0.0.0, Culture=neutral, PublicKeyToken=null" name="TestRobots" />
    </UnitTest>
  </TestDefinitions>
  <TestLists>
    <TestList name="Results Not in a List" id="8c84fa94-04c1-424b-9868-57a2d4851a1d" />
    <TestList name="All Loaded Results" id="19431567-8539-422a-85d7-44ee4e166bda" />
  </TestLists>
  <TestEntries>
    <TestEntry testId="6a4367a7-6666-d26f-0895-0bbd5298bbe0" executionId="924b4b3c-4db8-45b3-98d1-464aa126e9a0" testListId="8c84fa94-04c1-424b-9868-57a2d4851a1d" />
  </TestEntries>
  <Results>
    <UnitTestResult executionId="924b4b3c-4db8-45b3-98d1-464aa126e9a0" testId="6a4367a7-6666-d26f-0895-0bbd5298bbe0" testName="TestRobots" computerName="KABAROS-DELL" duration="00:00:09.6895543" startTime="2011-10-22T17:32:42.3128873+01:00" endTime="2011-10-22T17:32:52.0024416+01:00" testType="13cdc9d9-ddb5-4fa4-a97d-d965ccfc6d4b" outcome="Aborted" testListId="8c84fa94-04c1-424b-9868-57a2d4851a1d" relativeResultsDirectory="924b4b3c-4db8-45b3-98d1-464aa126e9a0">
    </UnitTestResult>
  </Results>
</TestRun>